Not Found: /favicon.ico
"GET /favicon.ico HTTP/1.1" 404 2681
Unauthorized: /api/token/
"POST /api/token/ HTTP/1.1" 401 63
Unauthorized: /api/student-records/
"GET /api/student-records/ HTTP/1.1" 401 107
Unauthorized: /api/student-records/
"GET /api/student-records/ HTTP/1.1" 401 58
Not Found: /login/
"GET /login/ HTTP/1.1" 404 2666
Method Not Allowed: /api/token/
"GET /api/token/ HTTP/1.1" 405 7706
Unauthorized: /api/token/
"POST /api/token/ HTTP/1.1" 401 7646
Method Not Allowed: /api/token/
"GET /api/token/ HTTP/1.1" 405 7706
Forbidden (Permission denied): /login/
Traceback (most recent call last):
  File "C:\Users\Toshiba\Desktop\secure-student-api\venv\Lib\site-packages\django\core\handlers\exception.py", line 55, in inner
    response = get_response(request)
  File "C:\Users\Toshiba\Desktop\secure-student-api\venv\Lib\site-packages\django\core\handlers\base.py", line 198, in _get_response
    response = wrapped_callback(request, *callback_args, **callback_kwargs)
  File "C:\Users\Toshiba\Desktop\secure-student-api\venv\Lib\site-packages\django_ratelimit\decorators.py", line 26, in _wrapped
    raise (import_string(cls) if isinstance(cls, str) else cls)()
django_ratelimit.exceptions.Ratelimited
"GET /login/ HTTP/1.1" 403 135
Forbidden (Permission denied): /login/
Traceback (most recent call last):
  File "C:\Users\Toshiba\Desktop\secure-student-api\venv\Lib\site-packages\django\core\handlers\exception.py", line 55, in inner
    response = get_response(request)
  File "C:\Users\Toshiba\Desktop\secure-student-api\venv\Lib\site-packages\django\core\handlers\base.py", line 198, in _get_response
    response = wrapped_callback(request, *callback_args, **callback_kwargs)
  File "C:\Users\Toshiba\Desktop\secure-student-api\venv\Lib\site-packages\django_ratelimit\decorators.py", line 26, in _wrapped
    raise (import_string(cls) if isinstance(cls, str) else cls)()
django_ratelimit.exceptions.Ratelimited
"GET /login/ HTTP/1.1" 403 135
